<?xml version="1.0" encoding="UTF-8"?>
<!-- Generated by org.testng.reporters.JUnitXMLReporter -->
<testsuite hostname="Saeeds-MBP.local.tld" ignored="2" name="All Functionalities" tests="9" failures="0" timestamp="2023-01-21T15:46:18 CST" time="93.988" errors="0">
  <testcase name="validateCheckBoxes" time="3.345" classname="scripts.TechGlobalCheckBoxTest"/>
  <testcase name="validateCheckBoxes2" time="3.18" classname="scripts.TechGlobalCheckBoxTest"/>
  <testcase name="dynamicElementsTest" time="0.932" classname="scripts.TechGlobalDynamicElementsTest"/>
  <testcase name="validateFrontendTestingURL" time="0.639" classname="scripts.TechGlobalFrontendTestingHomeTest"/>
  <testcase name="validateTechGlobalHeaderDropdownOptions" time="0.341" classname="scripts.TechGlobalHeaderTest"/>
  <testcase name="languageRadioButtons" time="1.208" classname="scripts.TechGlobalRadioButtonsTest"/>
  <testcase name="toolsRadioButtons" time="1.165" classname="scripts.TechGlobalRadioButtonsTest"/>
  <testcase name="validateRedBox" time="13.905" classname="scripts.TechGlobalWaitsTest"/>
  <testcase name="validateBlueBox" time="37.504" classname="scripts.TechGlobalWaitsTest"/>
  <testcase name="validateFrontendTestingCards" time="0.0" classname="scripts.TechGlobalFrontendTestingHomeTest">
    <ignored/>
  </testcase> <!-- validateFrontendTestingCards -->
  <testcase name="validateTechGlobalHeaderDropdown" time="0.0" classname="scripts.TechGlobalHeaderTest">
    <ignored/>
  </testcase> <!-- validateTechGlobalHeaderDropdown -->
</testsuite> <!-- All Functionalities -->
