<?xml version="1.0" encoding="UTF-8"?>
<!-- Generated by org.testng.reporters.JUnitXMLReporter -->
<testsuite hostname="Saeeds-MacBook-Pro.local" ignored="0" name="Command line test" tests="3" failures="0" timestamp="2023-01-15T11:42:53 CST" time="11.209" errors="0">
  <testcase name="validateTechGlobalLogo" time="0.136" classname="scripts.TechGlobalLogoTest"/>
  <testcase name="validateTechGlobalHeaderDropdown" time="0.112" classname="scripts.TechGlobalHeaderTest"/>
  <testcase name="validateTechGlobalHeaderDropdownOptions" time="0.378" classname="scripts.TechGlobalHeaderTest"/>
</testsuite> <!-- Command line test -->
