<?xml version="1.0" encoding="UTF-8"?>
<!-- Generated by org.testng.reporters.JUnitXMLReporter -->
<testsuite hostname="Saeeds-MBP.local.tld" ignored="0" name="Command line test" tests="5" failures="0" timestamp="2023-01-15T15:50:35 CST" time="24.692" errors="0">
  <testcase name="validateFrontendTestingCards" time="2.132" classname="scripts.TechGlobalFrontendTestingHomeTest"/>
  <testcase name="validateFrontendTestingURL" time="0.496" classname="scripts.TechGlobalFrontendTestingHomeTest"/>
  <testcase name="validateTechGlobalLogo" time="0.183" classname="scripts.TechGlobalLogoTest"/>
  <testcase name="validateTechGlobalHeaderDropdown" time="0.172" classname="scripts.TechGlobalHeaderTest"/>
  <testcase name="validateTechGlobalHeaderDropdownOptions" time="0.519" classname="scripts.TechGlobalHeaderTest"/>
</testsuite> <!-- Command line test -->
