<?xml version="1.0" encoding="UTF-8"?>
<!-- Generated by org.testng.reporters.JUnitXMLReporter -->
<testsuite hostname="Saeeds-MBP.local.tld" ignored="2" name="Critical Functionalities" tests="3" failures="0" timestamp="2023-01-21T15:07:41 CST" time="15.306" errors="0">
  <testcase name="validateFrontendTestingCards" time="1.8" classname="scripts.TechGlobalFrontendTestingHomeTest"/>
  <testcase name="validateTechGlobalHeaderDropdown" time="0.101" classname="scripts.TechGlobalHeaderTest"/>
  <testcase name="validateTechGlobalLogo" time="0.137" classname="scripts.TechGlobalLogoTest"/>
  <testcase name="validateFrontendTestingURL" time="0.0" classname="scripts.TechGlobalFrontendTestingHomeTest">
    <ignored/>
  </testcase> <!-- validateFrontendTestingURL -->
  <testcase name="validateTechGlobalHeaderDropdownOptions" time="0.0" classname="scripts.TechGlobalHeaderTest">
    <ignored/>
  </testcase> <!-- validateTechGlobalHeaderDropdownOptions -->
</testsuite> <!-- Critical Functionalities -->
