<?xml version="1.0" encoding="UTF-8"?>
<testng-results skipped="0" failed="0" ignored="2" total="11" passed="9">
  <reporter-output>
  </reporter-output>
  <suite name="Regression" duration-ms="93988" started-at="2023-01-21T15:44:44 CST" finished-at="2023-01-21T15:46:18 CST">
    <groups>
    </groups>
    <test name="All Functionalities" duration-ms="93988" started-at="2023-01-21T15:44:44 CST" finished-at="2023-01-21T15:46:18 CST">
      <class name="scripts.TechGlobalFrontendTestingHomeTest">
        <test-method status="PASS" signature="setup()[pri:0, instance:scripts.TechGlobalFrontendTestingHomeTest@7085bdee]" name="setup" is-config="true" duration-ms="3016" started-at="2023-01-21T15:45:04 CST" finished-at="2023-01-21T15:45:07 CST">
          <reporter-output>
          </reporter-output>
        </test-method> <!-- setup -->
        <test-method status="PASS" signature="setPage()[pri:0, instance:scripts.TechGlobalFrontendTestingHomeTest@7085bdee]" name="setPage" is-config="true" duration-ms="0" started-at="2023-01-21T15:45:07 CST" finished-at="2023-01-21T15:45:07 CST">
          <reporter-output>
          </reporter-output>
        </test-method> <!-- setPage -->
        <test-method status="PASS" signature="validateFrontendTestingURL()[pri:2, instance:scripts.TechGlobalFrontendTestingHomeTest@7085bdee]" name="validateFrontendTestingURL" duration-ms="639" started-at="2023-01-21T15:45:07 CST" description="Validate URL" finished-at="2023-01-21T15:45:07 CST">
          <reporter-output>
          </reporter-output>
        </test-method> <!-- validateFrontendTestingURL -->
        <test-method status="PASS" signature="teardown()[pri:0, instance:scripts.TechGlobalFrontendTestingHomeTest@7085bdee]" name="teardown" is-config="true" duration-ms="110" started-at="2023-01-21T15:45:07 CST" finished-at="2023-01-21T15:45:07 CST">
          <reporter-output>
          </reporter-output>
        </test-method> <!-- teardown -->
      </class> <!-- scripts.TechGlobalFrontendTestingHomeTest -->
      <class name="scripts.TechGlobalDynamicElementsTest">
        <test-method status="PASS" signature="setup()[pri:0, instance:scripts.TechGlobalDynamicElementsTest@73ad2d6]" name="setup" is-config="true" duration-ms="3127" started-at="2023-01-21T15:44:59 CST" finished-at="2023-01-21T15:45:03 CST">
          <reporter-output>
          </reporter-output>
        </test-method> <!-- setup -->
        <test-method status="PASS" signature="setPage()[pri:0, instance:scripts.TechGlobalDynamicElementsTest@73ad2d6]" name="setPage" is-config="true" duration-ms="5" started-at="2023-01-21T15:45:03 CST" finished-at="2023-01-21T15:45:03 CST">
          <reporter-output>
          </reporter-output>
        </test-method> <!-- setPage -->
        <test-method status="PASS" signature="dynamicElementsTest()[pri:1, instance:scripts.TechGlobalDynamicElementsTest@73ad2d6]" name="dynamicElementsTest" duration-ms="932" started-at="2023-01-21T15:45:03 CST" description="Testing Dynamic Web Elements" finished-at="2023-01-21T15:45:03 CST">
          <reporter-output>
          </reporter-output>
        </test-method> <!-- dynamicElementsTest -->
        <test-method status="PASS" signature="teardown()[pri:0, instance:scripts.TechGlobalDynamicElementsTest@73ad2d6]" name="teardown" is-config="true" duration-ms="159" started-at="2023-01-21T15:45:03 CST" finished-at="2023-01-21T15:45:04 CST">
          <reporter-output>
          </reporter-output>
        </test-method> <!-- teardown -->
      </class> <!-- scripts.TechGlobalDynamicElementsTest -->
      <class name="scripts.TechGlobalCheckBoxTest">
        <test-method status="PASS" signature="setup()[pri:0, instance:scripts.TechGlobalCheckBoxTest@3fee9989]" name="setup" is-config="true" duration-ms="5282" started-at="2023-01-21T15:44:44 CST" finished-at="2023-01-21T15:44:49 CST">
          <reporter-output>
          </reporter-output>
        </test-method> <!-- setup -->
        <test-method status="PASS" signature="setPage()[pri:0, instance:scripts.TechGlobalCheckBoxTest@3fee9989]" name="setPage" is-config="true" duration-ms="3" started-at="2023-01-21T15:44:49 CST" finished-at="2023-01-21T15:44:49 CST">
          <reporter-output>
          </reporter-output>
        </test-method> <!-- setPage -->
        <test-method status="PASS" signature="validateCheckBoxes()[pri:1, instance:scripts.TechGlobalCheckBoxTest@3fee9989]" name="validateCheckBoxes" duration-ms="3345" started-at="2023-01-21T15:44:49 CST" description="Validate checkboxes" finished-at="2023-01-21T15:44:53 CST">
          <reporter-output>
          </reporter-output>
        </test-method> <!-- validateCheckBoxes -->
        <test-method status="PASS" signature="teardown()[pri:0, instance:scripts.TechGlobalCheckBoxTest@3fee9989]" name="teardown" is-config="true" duration-ms="119" started-at="2023-01-21T15:44:53 CST" finished-at="2023-01-21T15:44:53 CST">
          <reporter-output>
          </reporter-output>
        </test-method> <!-- teardown -->
        <test-method status="PASS" signature="setup()[pri:0, instance:scripts.TechGlobalCheckBoxTest@3fee9989]" name="setup" is-config="true" duration-ms="3212" started-at="2023-01-21T15:44:53 CST" finished-at="2023-01-21T15:44:56 CST">
          <reporter-output>
          </reporter-output>
        </test-method> <!-- setup -->
        <test-method status="PASS" signature="setPage()[pri:0, instance:scripts.TechGlobalCheckBoxTest@3fee9989]" name="setPage" is-config="true" duration-ms="2" started-at="2023-01-21T15:44:56 CST" finished-at="2023-01-21T15:44:56 CST">
          <reporter-output>
          </reporter-output>
        </test-method> <!-- setPage -->
        <test-method status="PASS" signature="validateCheckBoxes2()[pri:2, instance:scripts.TechGlobalCheckBoxTest@3fee9989]" name="validateCheckBoxes2" duration-ms="3180" started-at="2023-01-21T15:44:56 CST" description="Validate checkboxes2" finished-at="2023-01-21T15:44:59 CST">
          <reporter-output>
          </reporter-output>
        </test-method> <!-- validateCheckBoxes2 -->
        <test-method status="PASS" signature="teardown()[pri:0, instance:scripts.TechGlobalCheckBoxTest@3fee9989]" name="teardown" is-config="true" duration-ms="161" started-at="2023-01-21T15:44:59 CST" finished-at="2023-01-21T15:44:59 CST">
          <reporter-output>
          </reporter-output>
        </test-method> <!-- teardown -->
      </class> <!-- scripts.TechGlobalCheckBoxTest -->
      <class name="scripts.TechGlobalWaitsTest">
        <test-method status="PASS" signature="setup()[pri:0, instance:scripts.TechGlobalWaitsTest@6fd02e5]" name="setup" is-config="true" duration-ms="3147" started-at="2023-01-21T15:45:20 CST" finished-at="2023-01-21T15:45:23 CST">
          <reporter-output>
          </reporter-output>
        </test-method> <!-- setup -->
        <test-method status="PASS" signature="setPage()[pri:0, instance:scripts.TechGlobalWaitsTest@6fd02e5]" name="setPage" is-config="true" duration-ms="1" started-at="2023-01-21T15:45:23 CST" finished-at="2023-01-21T15:45:23 CST">
          <reporter-output>
          </reporter-output>
        </test-method> <!-- setPage -->
        <test-method status="PASS" signature="validateRedBox()[pri:1, instance:scripts.TechGlobalWaitsTest@6fd02e5]" name="validateRedBox" duration-ms="13905" started-at="2023-01-21T15:45:23 CST" description="Validate red box is visible" finished-at="2023-01-21T15:45:37 CST">
          <reporter-output>
          </reporter-output>
        </test-method> <!-- validateRedBox -->
        <test-method status="PASS" signature="teardown()[pri:0, instance:scripts.TechGlobalWaitsTest@6fd02e5]" name="teardown" is-config="true" duration-ms="120" started-at="2023-01-21T15:45:37 CST" finished-at="2023-01-21T15:45:37 CST">
          <reporter-output>
          </reporter-output>
        </test-method> <!-- teardown -->
        <test-method status="PASS" signature="setup()[pri:0, instance:scripts.TechGlobalWaitsTest@6fd02e5]" name="setup" is-config="true" duration-ms="3198" started-at="2023-01-21T15:45:37 CST" finished-at="2023-01-21T15:45:40 CST">
          <reporter-output>
          </reporter-output>
        </test-method> <!-- setup -->
        <test-method status="PASS" signature="setPage()[pri:0, instance:scripts.TechGlobalWaitsTest@6fd02e5]" name="setPage" is-config="true" duration-ms="2" started-at="2023-01-21T15:45:40 CST" finished-at="2023-01-21T15:45:40 CST">
          <reporter-output>
          </reporter-output>
        </test-method> <!-- setPage -->
        <test-method status="PASS" signature="validateBlueBox()[pri:2, instance:scripts.TechGlobalWaitsTest@6fd02e5]" name="validateBlueBox" duration-ms="37504" started-at="2023-01-21T15:45:40 CST" description="Validate blue box is visible" finished-at="2023-01-21T15:46:18 CST">
          <reporter-output>
          </reporter-output>
        </test-method> <!-- validateBlueBox -->
        <test-method status="PASS" signature="teardown()[pri:0, instance:scripts.TechGlobalWaitsTest@6fd02e5]" name="teardown" is-config="true" duration-ms="119" started-at="2023-01-21T15:46:18 CST" finished-at="2023-01-21T15:46:18 CST">
          <reporter-output>
          </reporter-output>
        </test-method> <!-- teardown -->
      </class> <!-- scripts.TechGlobalWaitsTest -->
      <class name="scripts.TechGlobalRadioButtonsTest">
        <test-method status="PASS" signature="setup()[pri:0, instance:scripts.TechGlobalRadioButtonsTest@5700d6b1]" name="setup" is-config="true" duration-ms="3178" started-at="2023-01-21T15:45:11 CST" finished-at="2023-01-21T15:45:14 CST">
          <reporter-output>
          </reporter-output>
        </test-method> <!-- setup -->
        <test-method status="PASS" signature="setPage()[pri:0, instance:scripts.TechGlobalRadioButtonsTest@5700d6b1]" name="setPage" is-config="true" duration-ms="4" started-at="2023-01-21T15:45:14 CST" finished-at="2023-01-21T15:45:14 CST">
          <reporter-output>
          </reporter-output>
        </test-method> <!-- setPage -->
        <test-method status="PASS" signature="languageRadioButtons()[pri:1, instance:scripts.TechGlobalRadioButtonsTest@5700d6b1]" name="languageRadioButtons" duration-ms="1208" started-at="2023-01-21T15:45:14 CST" description="Validating TechGlobal Language Radio Buttons" finished-at="2023-01-21T15:45:15 CST">
          <reporter-output>
          </reporter-output>
        </test-method> <!-- languageRadioButtons -->
        <test-method status="PASS" signature="teardown()[pri:0, instance:scripts.TechGlobalRadioButtonsTest@5700d6b1]" name="teardown" is-config="true" duration-ms="121" started-at="2023-01-21T15:45:15 CST" finished-at="2023-01-21T15:45:16 CST">
          <reporter-output>
          </reporter-output>
        </test-method> <!-- teardown -->
        <test-method status="PASS" signature="setup()[pri:0, instance:scripts.TechGlobalRadioButtonsTest@5700d6b1]" name="setup" is-config="true" duration-ms="3216" started-at="2023-01-21T15:45:16 CST" finished-at="2023-01-21T15:45:19 CST">
          <reporter-output>
          </reporter-output>
        </test-method> <!-- setup -->
        <test-method status="PASS" signature="setPage()[pri:0, instance:scripts.TechGlobalRadioButtonsTest@5700d6b1]" name="setPage" is-config="true" duration-ms="4" started-at="2023-01-21T15:45:19 CST" finished-at="2023-01-21T15:45:19 CST">
          <reporter-output>
          </reporter-output>
        </test-method> <!-- setPage -->
        <test-method status="PASS" signature="toolsRadioButtons()[pri:2, instance:scripts.TechGlobalRadioButtonsTest@5700d6b1]" name="toolsRadioButtons" duration-ms="1165" started-at="2023-01-21T15:45:19 CST" description="Validating TechGlobal Tools Radio Buttons" finished-at="2023-01-21T15:45:20 CST">
          <reporter-output>
          </reporter-output>
        </test-method> <!-- toolsRadioButtons -->
        <test-method status="PASS" signature="teardown()[pri:0, instance:scripts.TechGlobalRadioButtonsTest@5700d6b1]" name="teardown" is-config="true" duration-ms="127" started-at="2023-01-21T15:45:20 CST" finished-at="2023-01-21T15:45:20 CST">
          <reporter-output>
          </reporter-output>
        </test-method> <!-- teardown -->
      </class> <!-- scripts.TechGlobalRadioButtonsTest -->
      <class name="scripts.TechGlobalHeaderTest">
        <test-method status="PASS" signature="setup()[pri:0, instance:scripts.TechGlobalHeaderTest@1ce92674]" name="setup" is-config="true" duration-ms="3174" started-at="2023-01-21T15:45:07 CST" finished-at="2023-01-21T15:45:11 CST">
          <reporter-output>
          </reporter-output>
        </test-method> <!-- setup -->
        <test-method status="PASS" signature="validateTechGlobalHeaderDropdownOptions()[pri:2, instance:scripts.TechGlobalHeaderTest@1ce92674]" name="validateTechGlobalHeaderDropdownOptions" duration-ms="341" started-at="2023-01-21T15:45:11 CST" finished-at="2023-01-21T15:45:11 CST">
          <reporter-output>
          </reporter-output>
        </test-method> <!-- validateTechGlobalHeaderDropdownOptions -->
        <test-method status="PASS" signature="teardown()[pri:0, instance:scripts.TechGlobalHeaderTest@1ce92674]" name="teardown" is-config="true" duration-ms="119" started-at="2023-01-21T15:45:11 CST" finished-at="2023-01-21T15:45:11 CST">
          <reporter-output>
          </reporter-output>
        </test-method> <!-- teardown -->
      </class> <!-- scripts.TechGlobalHeaderTest -->
    </test> <!-- All Functionalities -->
  </suite> <!-- Regression -->
</testng-results>
