<?xml version="1.0" encoding="UTF-8"?>
<testng-results skipped="0" failed="0" ignored="2" total="5" passed="3">
  <reporter-output>
  </reporter-output>
  <suite name="Smoke" duration-ms="15306" started-at="2023-01-21T15:07:26 CST" finished-at="2023-01-21T15:07:41 CST">
    <groups>
    </groups>
    <test name="Critical Functionalities" duration-ms="15306" started-at="2023-01-21T15:07:26 CST" finished-at="2023-01-21T15:07:41 CST">
      <class name="scripts.TechGlobalFrontendTestingHomeTest">
        <test-method status="PASS" signature="setup()[pri:0, instance:scripts.TechGlobalFrontendTestingHomeTest@598067a5]" name="setup" is-config="true" duration-ms="5156" started-at="2023-01-21T15:07:26 CST" finished-at="2023-01-21T15:07:31 CST">
          <reporter-output>
          </reporter-output>
        </test-method> <!-- setup -->
        <test-method status="PASS" signature="setPage()[pri:0, instance:scripts.TechGlobalFrontendTestingHomeTest@598067a5]" name="setPage" is-config="true" duration-ms="3" started-at="2023-01-21T15:07:31 CST" finished-at="2023-01-21T15:07:31 CST">
          <reporter-output>
          </reporter-output>
        </test-method> <!-- setPage -->
        <test-method status="PASS" signature="validateFrontendTestingCards()[pri:0, instance:scripts.TechGlobalFrontendTestingHomeTest@598067a5]" name="validateFrontendTestingCards" duration-ms="1800" started-at="2023-01-21T15:07:31 CST" finished-at="2023-01-21T15:07:33 CST">
          <reporter-output>
          </reporter-output>
        </test-method> <!-- validateFrontendTestingCards -->
        <test-method status="PASS" signature="teardown()[pri:0, instance:scripts.TechGlobalFrontendTestingHomeTest@598067a5]" name="teardown" is-config="true" duration-ms="158" started-at="2023-01-21T15:07:33 CST" finished-at="2023-01-21T15:07:33 CST">
          <reporter-output>
          </reporter-output>
        </test-method> <!-- teardown -->
      </class> <!-- scripts.TechGlobalFrontendTestingHomeTest -->
      <class name="scripts.TechGlobalLogoTest">
        <test-method status="PASS" signature="setup()[pri:0, instance:scripts.TechGlobalLogoTest@14bf9759]" name="setup" is-config="true" duration-ms="3856" started-at="2023-01-21T15:07:37 CST" finished-at="2023-01-21T15:07:41 CST">
          <reporter-output>
          </reporter-output>
        </test-method> <!-- setup -->
        <test-method status="PASS" signature="validateTechGlobalLogo()[pri:0, instance:scripts.TechGlobalLogoTest@14bf9759]" name="validateTechGlobalLogo" duration-ms="137" started-at="2023-01-21T15:07:41 CST" finished-at="2023-01-21T15:07:41 CST">
          <reporter-output>
          </reporter-output>
        </test-method> <!-- validateTechGlobalLogo -->
        <test-method status="PASS" signature="teardown()[pri:0, instance:scripts.TechGlobalLogoTest@14bf9759]" name="teardown" is-config="true" duration-ms="167" started-at="2023-01-21T15:07:41 CST" finished-at="2023-01-21T15:07:41 CST">
          <reporter-output>
          </reporter-output>
        </test-method> <!-- teardown -->
      </class> <!-- scripts.TechGlobalLogoTest -->
      <class name="scripts.TechGlobalHeaderTest">
        <test-method status="PASS" signature="setup()[pri:0, instance:scripts.TechGlobalHeaderTest@3c0ecd4b]" name="setup" is-config="true" duration-ms="3760" started-at="2023-01-21T15:07:33 CST" finished-at="2023-01-21T15:07:36 CST">
          <reporter-output>
          </reporter-output>
        </test-method> <!-- setup -->
        <test-method status="PASS" signature="validateTechGlobalHeaderDropdown()[pri:1, instance:scripts.TechGlobalHeaderTest@3c0ecd4b]" name="validateTechGlobalHeaderDropdown" duration-ms="101" started-at="2023-01-21T15:07:36 CST" finished-at="2023-01-21T15:07:37 CST">
          <reporter-output>
          </reporter-output>
        </test-method> <!-- validateTechGlobalHeaderDropdown -->
        <test-method status="PASS" signature="teardown()[pri:0, instance:scripts.TechGlobalHeaderTest@3c0ecd4b]" name="teardown" is-config="true" duration-ms="124" started-at="2023-01-21T15:07:37 CST" finished-at="2023-01-21T15:07:37 CST">
          <reporter-output>
          </reporter-output>
        </test-method> <!-- teardown -->
      </class> <!-- scripts.TechGlobalHeaderTest -->
    </test> <!-- Critical Functionalities -->
  </suite> <!-- Smoke -->
</testng-results>
